-- The C compiler identification is GNU 14.2.1
-- The CXX compiler identification is GNU 14.2.1
-- Detecting C compiler ABI info
-- Detecting C compiler ABI info - done
-- Check for working C compiler: /nix/store/8v6k283dpbc0qkdq81nb6mrxrgcb10i1-gcc-wrapper-14-20241116/bin/gcc - skipped
-- Detecting C compile features
-- Detecting C compile features - done
-- Detecting CXX compiler ABI info
-- Detecting CXX compiler ABI info - done
-- Check for working CXX compiler: /nix/store/8v6k283dpbc0qkdq81nb6mrxrgcb10i1-gcc-wrapper-14-20241116/bin/g++ - skipped
-- Detecting CXX compile features
-- Detecting CXX compile features - done
-- Found ament_cmake: 2.5.3 (/nix/store/vhz65fc3cs10c5sxbwh7c5iz2pwzyx4b-ros-env/share/ament_cmake/cmake)
-- Found Python3: /nix/store/vhz65fc3cs10c5sxbwh7c5iz2pwzyx4b-ros-env/bin/python3 (found version "3.12.9") found components: Interpreter
-- Found rclcpp: 28.1.6 (/nix/store/vhz65fc3cs10c5sxbwh7c5iz2pwzyx4b-ros-env/share/rclcpp/cmake)
-- Found rosidl_generator_c: 4.6.5 (/nix/store/vhz65fc3cs10c5sxbwh7c5iz2pwzyx4b-ros-env/share/rosidl_generator_c/cmake)
-- Found rosidl_generator_cpp: 4.6.5 (/nix/store/vhz65fc3cs10c5sxbwh7c5iz2pwzyx4b-ros-env/share/rosidl_generator_cpp/cmake)
-- Using all available rosidl_typesupport_c: rosidl_typesupport_fastrtps_c;rosidl_typesupport_introspection_c
-- Using all available rosidl_typesupport_cpp: rosidl_typesupport_fastrtps_cpp;rosidl_typesupport_introspection_cpp
-- Found rmw_implementation_cmake: 7.3.1 (/nix/store/vhz65fc3cs10c5sxbwh7c5iz2pwzyx4b-ros-env/share/rmw_implementation_cmake/cmake)
-- Found rmw_fastrtps_cpp: 8.4.1 (/nix/store/vhz65fc3cs10c5sxbwh7c5iz2pwzyx4b-ros-env/share/rmw_fastrtps_cpp/cmake)
-- Found OpenSSL: /nix/store/954l60hahqvr0hbs7ww6lmgkxvk8akdf-openssl-3.4.1/lib/libcrypto.so (found version "3.4.1")
-- Found FastRTPS: /nix/store/vhz65fc3cs10c5sxbwh7c5iz2pwzyx4b-ros-env/include (Required is at least version "2.13")
-- Using RMW implementation 'rmw_fastrtps_cpp' as default
-- Found std_msgs: 5.3.5 (/nix/store/vhz65fc3cs10c5sxbwh7c5iz2pwzyx4b-ros-env/share/std_msgs/cmake)
-- Found robot_interfaces: 0.0.0 (/home/r2w0t/dev/RCB/workspaces/controller_ws/install/robot_interfaces/share/robot_interfaces/cmake)
-- Configuring done (5.2s)
-- Generating done (0.0s)
-- Build files have been written to: /home/r2w0t/dev/RCB/workspaces/controller_ws/build/robot_control
[ 25%] [32mBuilding CXX object CMakeFiles/robot_control_node.dir/src/main.cpp.o[0m
[ 50%] [32mBuilding CXX object CMakeFiles/robot_control_node.dir/src/robot_control_node.cpp.o[0m
make[2]: *** [CMakeFiles/robot_control_node.dir/build.make:107: CMakeFiles/robot_control_node.dir/src/robot_control_node.cpp.o] Interrupt
make[1]: *** [CMakeFiles/Makefile2:153: CMakeFiles/robot_control_node.dir/all] Interrupt
make: *** [Makefile:146: all] Interrupt
Traceback (most recent call last):
  File "/nix/store/8jljd7zhwwcpqmfj3cz18nbr9x4dilf1-python3.12-cmake-3.31.5/bin/.cmake-wrapped", line 9, in <module>
    sys.exit(cmake())
             ^^^^^^^
  File "/nix/store/8jljd7zhwwcpqmfj3cz18nbr9x4dilf1-python3.12-cmake-3.31.5/lib/python3.12/site-packages/cmake/__init__.py", line 13, in cmake
    raise SystemExit(_program('cmake', sys.argv[1:]))
                     ^^^^^^^^^^^^^^^^^^^^^^^^^^^^^^^
  File "/nix/store/8jljd7zhwwcpqmfj3cz18nbr9x4dilf1-python3.12-cmake-3.31.5/lib/python3.12/site-packages/cmake/__init__.py", line 10, in _program
    return subprocess.call([os.path.join(CMAKE_BIN_DIR, name)] + args, close_fds=False)
           ^^^^^^^^^^^^^^^^^^^^^^^^^^^^^^^^^^^^^^^^^^^^^^^^^^^^^^^^^^^^^^^^^^^^^^^^^^^^
  File "/nix/store/f2krmq3iv5nibcvn4rw7nrnrciqprdkh-python3-3.12.9/lib/python3.12/subprocess.py", line 393, in call
    return p.wait(timeout=timeout)
           ^^^^^^^^^^^^^^^^^^^^^^^
  File "/nix/store/f2krmq3iv5nibcvn4rw7nrnrciqprdkh-python3-3.12.9/lib/python3.12/subprocess.py", line 1266, in wait
    return self._wait(timeout=timeout)
           ^^^^^^^^^^^^^^^^^^^^^^^^^^^
  File "/nix/store/f2krmq3iv5nibcvn4rw7nrnrciqprdkh-python3-3.12.9/lib/python3.12/subprocess.py", line 2061, in _wait
    (pid, sts) = self._try_wait(0)
                 ^^^^^^^^^^^^^^^^^
  File "/nix/store/f2krmq3iv5nibcvn4rw7nrnrciqprdkh-python3-3.12.9/lib/python3.12/subprocess.py", line 2019, in _try_wait
    (pid, sts) = os.waitpid(self.pid, wait_flags)
                 ^^^^^^^^^^^^^^^^^^^^^^^^^^^^^^^^
KeyboardInterrupt
